\BOOKMARK [0][-]{section*.2}{\376\377\000C\000o\000u\000p\000l\000e\000d\000\040\000P\000e\000n\000d\000u\000l\000a\000\040\000L\000a\000b\000\040\000R\000e\000p\000o\000r\000t}{}% 2
\BOOKMARK [1][-]{section*.1}{\376\377\000A\000b\000s\000t\000r\000a\000c\000t}{section*.2}% 1
\BOOKMARK [1][-]{section*.3}{\376\377\000I\000N\000T\000R\000O\000D\000U\000C\000T\000I\000O\000N}{section*.2}% 3
\BOOKMARK [1][-]{section*.4}{\376\377\000A\000I\000M}{section*.2}% 4
\BOOKMARK [1][-]{section*.5}{\376\377\000T\000h\000e\000o\000r\000y}{section*.2}% 5
\BOOKMARK [2][-]{section*.6}{\376\377\000A\000s\000s\000u\000m\000p\000t\000i\000o\000n\000s}{section*.5}% 6
\BOOKMARK [2][-]{section*.7}{\376\377\000D\000e\000r\000i\000v\000a\000t\000i\000o\000n\000s}{section*.5}% 7
\BOOKMARK [3][-]{section*.8}{\376\377\000F\000i\000r\000s\000t\000\040\000N\000o\000r\000m\000a\000l\000\040\000M\000o\000d\000e}{section*.7}% 8
\BOOKMARK [3][-]{section*.9}{\376\377\000S\000e\000c\000o\000n\000d\000\040\000N\000o\000r\000m\000a\000l\000\040\000M\000o\000d\000e}{section*.7}% 9
\BOOKMARK [3][-]{section*.10}{\376\377\000B\000e\000a\000t\000\040\000M\000o\000d\000e}{section*.7}% 10
\BOOKMARK [2][-]{section*.11}{\376\377\000C\000o\000u\000p\000l\000i\000n\000g\000\040\000F\000a\000c\000t\000o\000r}{section*.5}% 11
\BOOKMARK [1][-]{section*.12}{\376\377\000M\000e\000t\000h\000o\000d}{section*.2}% 12
\BOOKMARK [2][-]{section*.13}{\376\377\000F\000i\000r\000s\000t\000\040\000N\000o\000r\000m\000a\000l\000\040\000M\000o\000d\000e}{section*.12}% 13
\BOOKMARK [2][-]{section*.14}{\376\377\000S\000e\000c\000o\000n\000d\000\040\000N\000o\000r\000m\000a\000l\000\040\000M\000o\000d\000e}{section*.12}% 14
\BOOKMARK [2][-]{section*.15}{\376\377\000B\000e\000a\000t\000\040\000M\000o\000d\000e}{section*.12}% 15
\BOOKMARK [1][-]{section*.16}{\376\377\000R\000e\000s\000u\000l\000t\000s\000\040\000\046\000\040\000A\000n\000a\000l\000y\000s\000i\000s}{section*.2}% 16
\BOOKMARK [2][-]{section*.17}{\376\377\000T\000h\000e\000\040\000S\000p\000r\000i\000n\000g\000\040\000c\000o\000n\000s\000t\000a\000n\000t}{section*.16}% 17
\BOOKMARK [2][-]{section*.18}{\376\377\000T\000h\000e\000\040\000C\000o\000u\000p\000l\000i\000n\000g\000\040\000F\000a\000c\000t\000o\000r}{section*.16}% 18
\BOOKMARK [1][-]{section*.19}{\376\377\000D\000I\000S\000C\000U\000S\000S\000I\000O\000N}{section*.2}% 19
\BOOKMARK [1][-]{section*.20}{\376\377\000C\000o\000n\000c\000l\000u\000s\000i\000o\000n}{section*.2}% 20
\BOOKMARK [1][-]{section*.21}{\376\377\000R\000e\000f\000e\000r\000e\000n\000c\000e\000s}{section*.2}% 21
\BOOKMARK [1][-]{section*.22}{\376\377\000A\000p\000p\000e\000n\000d\000i\000x}{section*.2}% 22
\BOOKMARK [1][-]{section*.23}{\376\377\000L\000o\000n\000g\000\040\000E\000q\000u\000a\000t\000i\000o\000n\000s}{section*.2}% 23
\BOOKMARK [2][-]{section*.24}{\376\377\000E\000x\000p\000e\000r\000i\000m\000e\000n\000t\000\040\000D\000a\000t\000a\000\040\000a\000n\000d\000\040\000S\000o\000u\000r\000c\000e\000\040\000C\000o\000d\000e\000s}{section*.23}% 24
\BOOKMARK [1][-]{section*.25}{\376\377\000T\000a\000b\000l\000e\000s}{section*.2}% 25
